<?xml version="1.0" encoding="UTF-8"?>
<coverage generated="1752872715278" clover="3.2.0">
  <project timestamp="1752872715278" name="All files">
    <metrics statements="109" coveredstatements="67" conditionals="46" coveredconditionals="29" methods="31" coveredmethods="12" elements="186" coveredelements="108" complexity="0" loc="109" ncloc="109" packages="12" files="20" classes="20"/>
    <package name="app">
      <metrics statements="2" coveredstatements="2" conditionals="0" coveredconditionals="0" methods="1" coveredmethods="1"/>
      <file name="_layout.tsx" path="/home/dionequevedo/Projetos/rocketseat/newapp/links/src/app/_layout.tsx">
        <metrics statements="2" coveredstatements="2" conditionals="0" coveredconditionals="0" methods="1" coveredmethods="1"/>
        <line num="6" count="1" type="stmt"/>
        <line num="8" count="1" type="stmt"/>
      </file>
    </package>
    <package name="app.add">
      <metrics statements="28" coveredstatements="26" conditionals="19" coveredconditionals="18" methods="4" coveredmethods="3"/>
      <file name="index.tsx" path="/home/dionequevedo/Projetos/rocketseat/newapp/links/src/app/add/index.tsx">
        <metrics statements="27" coveredstatements="26" conditionals="19" coveredconditionals="18" methods="4" coveredmethods="3"/>
        <line num="15" count="208" type="stmt"/>
        <line num="16" count="208" type="stmt"/>
        <line num="17" count="208" type="stmt"/>
        <line num="20" count="51" type="stmt"/>
        <line num="22" count="51" type="cond" truecount="5" falsecount="0"/>
        <line num="23" count="2" type="stmt"/>
        <line num="24" count="49" type="cond" truecount="2" falsecount="0"/>
        <line num="25" count="14" type="stmt"/>
        <line num="26" count="35" type="cond" truecount="4" falsecount="0"/>
        <line num="27" count="2" type="stmt"/>
        <line num="28" count="33" type="cond" truecount="4" falsecount="0"/>
        <line num="29" count="4" type="stmt"/>
        <line num="32" count="29" type="stmt"/>
        <line num="33" count="29" type="cond" truecount="2" falsecount="0"/>
        <line num="34" count="6" type="stmt"/>
        <line num="38" count="23" type="stmt"/>
        <line num="46" count="11" type="stmt"/>
        <line num="48" count="11" type="cond" truecount="1" falsecount="1"/>
        <line num="49" count="11" type="stmt"/>
        <line num="53" count="0" type="stmt"/>
        <line num="56" count="11" type="stmt"/>
        <line num="57" count="11" type="stmt"/>
        <line num="58" count="11" type="stmt"/>
        <line num="62" count="12" type="stmt"/>
        <line num="63" count="12" type="stmt"/>
        <line num="67" count="208" type="stmt"/>
        <line num="70" count="2" type="stmt"/>
      </file>
      <file name="styles.ts" path="/home/dionequevedo/Projetos/rocketseat/newapp/links/src/app/add/styles.ts">
        <metrics statements="1" coveredstatements="0" conditionals="0" coveredconditionals="0" methods="0" coveredmethods="0"/>
        <line num="5" count="0" type="stmt"/>
      </file>
    </package>
    <package name="app.index">
      <metrics statements="40" coveredstatements="18" conditionals="14" coveredconditionals="6" methods="13" coveredmethods="4"/>
      <file name="index.tsx" path="/home/dionequevedo/Projetos/rocketseat/newapp/links/src/app/index/index.tsx">
        <metrics statements="39" coveredstatements="18" conditionals="14" coveredconditionals="6" methods="13" coveredmethods="4"/>
        <line num="40" count="40" type="stmt"/>
        <line num="41" count="40" type="stmt"/>
        <line num="42" count="40" type="stmt"/>
        <line num="43" count="40" type="stmt"/>
        <line num="46" count="20" type="stmt"/>
        <line num="47" count="20" type="stmt"/>
        <line num="48" count="44" type="stmt"/>
        <line num="49" count="18" type="cond" truecount="2" falsecount="0"/>
        <line num="50" count="3" type="stmt"/>
        <line num="51" count="3" type="stmt"/>
        <line num="52" count="15" type="cond" truecount="1" falsecount="1"/>
        <line num="53" count="15" type="stmt"/>
        <line num="56" count="2" type="stmt"/>
        <line num="57" count="2" type="stmt"/>
        <line num="58" count="2" type="stmt"/>
        <line num="63" count="0" type="stmt"/>
        <line num="64" count="0" type="stmt"/>
        <line num="68" count="0" type="stmt"/>
        <line num="69" count="0" type="stmt"/>
        <line num="70" count="0" type="stmt"/>
        <line num="71" count="0" type="stmt"/>
        <line num="73" count="0" type="stmt"/>
        <line num="78" count="0" type="stmt"/>
        <line num="95" count="0" type="stmt"/>
        <line num="96" count="0" type="cond" truecount="0" falsecount="2"/>
        <line num="97" count="0" type="stmt"/>
        <line num="98" count="0" type="cond" truecount="0" falsecount="2"/>
        <line num="99" count="0" type="stmt"/>
        <line num="100" count="0" type="stmt"/>
        <line num="104" count="0" type="stmt"/>
        <line num="105" count="0" type="stmt"/>
        <line num="110" count="40" type="stmt"/>
        <line num="112" count="20" type="stmt"/>
        <line num="116" count="40" type="stmt"/>
        <line num="121" count="0" type="stmt"/>
        <line num="130" count="0" type="stmt"/>
        <line num="132" count="0" type="stmt"/>
        <line num="135" count="0" type="stmt"/>
        <line num="151" count="0" type="stmt"/>
      </file>
      <file name="styles.ts" path="/home/dionequevedo/Projetos/rocketseat/newapp/links/src/app/index/styles.ts">
        <metrics statements="1" coveredstatements="0" conditionals="0" coveredconditionals="0" methods="0" coveredmethods="0"/>
        <line num="5" count="0" type="stmt"/>
      </file>
    </package>
    <package name="components.Link">
      <metrics statements="2" coveredstatements="0" conditionals="0" coveredconditionals="0" methods="1" coveredmethods="0"/>
      <file name="index.tsx" path="/home/dionequevedo/Projetos/rocketseat/newapp/links/src/components/Link/index.tsx">
        <metrics statements="1" coveredstatements="0" conditionals="0" coveredconditionals="0" methods="1" coveredmethods="0"/>
        <line num="13" count="0" type="stmt"/>
      </file>
      <file name="styles.ts" path="/home/dionequevedo/Projetos/rocketseat/newapp/links/src/components/Link/styles.ts">
        <metrics statements="1" coveredstatements="0" conditionals="0" coveredconditionals="0" methods="0" coveredmethods="0"/>
        <line num="4" count="0" type="stmt"/>
      </file>
    </package>
    <package name="components.button">
      <metrics statements="2" coveredstatements="0" conditionals="0" coveredconditionals="0" methods="1" coveredmethods="0"/>
      <file name="index.tsx" path="/home/dionequevedo/Projetos/rocketseat/newapp/links/src/components/button/index.tsx">
        <metrics statements="1" coveredstatements="0" conditionals="0" coveredconditionals="0" methods="1" coveredmethods="0"/>
        <line num="11" count="0" type="stmt"/>
      </file>
      <file name="styles.ts" path="/home/dionequevedo/Projetos/rocketseat/newapp/links/src/components/button/styles.ts">
        <metrics statements="1" coveredstatements="0" conditionals="0" coveredconditionals="0" methods="0" coveredmethods="0"/>
        <line num="5" count="0" type="stmt"/>
      </file>
    </package>
    <package name="components.categories">
      <metrics statements="5" coveredstatements="0" conditionals="0" coveredconditionals="0" methods="4" coveredmethods="0"/>
      <file name="index.tsx" path="/home/dionequevedo/Projetos/rocketseat/newapp/links/src/components/categories/index.tsx">
        <metrics statements="4" coveredstatements="0" conditionals="0" coveredconditionals="0" methods="4" coveredmethods="0"/>
        <line num="11" count="0" type="stmt"/>
        <line num="14" count="0" type="stmt"/>
        <line num="15" count="0" type="stmt"/>
        <line num="19" count="0" type="stmt"/>
      </file>
      <file name="styles.ts" path="/home/dionequevedo/Projetos/rocketseat/newapp/links/src/components/categories/styles.ts">
        <metrics statements="1" coveredstatements="0" conditionals="0" coveredconditionals="0" methods="0" coveredmethods="0"/>
        <line num="3" count="0" type="stmt"/>
      </file>
    </package>
    <package name="components.category">
      <metrics statements="3" coveredstatements="0" conditionals="2" coveredconditionals="0" methods="1" coveredmethods="0"/>
      <file name="index.tsx" path="/home/dionequevedo/Projetos/rocketseat/newapp/links/src/components/category/index.tsx">
        <metrics statements="2" coveredstatements="0" conditionals="2" coveredconditionals="0" methods="1" coveredmethods="0"/>
        <line num="14" count="0" type="cond" truecount="0" falsecount="2"/>
        <line num="15" count="0" type="stmt"/>
      </file>
      <file name="styles.ts" path="/home/dionequevedo/Projetos/rocketseat/newapp/links/src/components/category/styles.ts">
        <metrics statements="1" coveredstatements="0" conditionals="0" coveredconditionals="0" methods="0" coveredmethods="0"/>
        <line num="4" count="0" type="stmt"/>
      </file>
    </package>
    <package name="components.input">
      <metrics statements="2" coveredstatements="0" conditionals="0" coveredconditionals="0" methods="1" coveredmethods="0"/>
      <file name="index.tsx" path="/home/dionequevedo/Projetos/rocketseat/newapp/links/src/components/input/index.tsx">
        <metrics statements="1" coveredstatements="0" conditionals="0" coveredconditionals="0" methods="1" coveredmethods="0"/>
        <line num="7" count="0" type="stmt"/>
      </file>
      <file name="styles.ts" path="/home/dionequevedo/Projetos/rocketseat/newapp/links/src/components/input/styles.ts">
        <metrics statements="1" coveredstatements="0" conditionals="0" coveredconditionals="0" methods="0" coveredmethods="0"/>
        <line num="5" count="0" type="stmt"/>
      </file>
    </package>
    <package name="components.options">
      <metrics statements="2" coveredstatements="0" conditionals="5" coveredconditionals="0" methods="1" coveredmethods="0"/>
      <file name="index.tsx" path="/home/dionequevedo/Projetos/rocketseat/newapp/links/src/components/options/index.tsx">
        <metrics statements="1" coveredstatements="0" conditionals="5" coveredconditionals="0" methods="1" coveredmethods="0"/>
        <line num="15" count="0" type="stmt"/>
      </file>
      <file name="styles.ts" path="/home/dionequevedo/Projetos/rocketseat/newapp/links/src/components/options/styles.ts">
        <metrics statements="1" coveredstatements="0" conditionals="0" coveredconditionals="0" methods="0" coveredmethods="0"/>
        <line num="4" count="0" type="stmt"/>
      </file>
    </package>
    <package name="storage">
      <metrics statements="21" coveredstatements="19" conditionals="6" coveredconditionals="5" methods="4" coveredmethods="4"/>
      <file name="link-storage.ts" path="/home/dionequevedo/Projetos/rocketseat/newapp/links/src/storage/link-storage.ts">
        <metrics statements="21" coveredstatements="19" conditionals="6" coveredconditionals="5" methods="4" coveredmethods="4"/>
        <line num="3" count="4" type="stmt"/>
        <line num="13" count="21" type="stmt"/>
        <line num="14" count="21" type="stmt"/>
        <line num="15" count="20" type="cond" truecount="2" falsecount="0"/>
        <line num="16" count="20" type="cond" truecount="1" falsecount="1"/>
        <line num="18" count="1" type="stmt"/>
        <line num="19" count="1" type="stmt"/>
        <line num="24" count="5" type="stmt"/>
        <line num="28" count="5" type="stmt"/>
        <line num="29" count="5" type="stmt"/>
        <line num="31" count="5" type="stmt"/>
        <line num="33" count="1" type="stmt"/>
        <line num="38" count="7" type="stmt"/>
        <line num="39" count="7" type="stmt"/>
        <line num="40" count="11" type="stmt"/>
        <line num="42" count="7" type="cond" truecount="2" falsecount="0"/>
        <line num="43" count="3" type="stmt"/>
        <line num="45" count="4" type="stmt"/>
        <line num="48" count="0" type="stmt"/>
        <line num="49" count="0" type="stmt"/>
        <line num="53" count="4" type="stmt"/>
      </file>
    </package>
    <package name="styles">
      <metrics statements="1" coveredstatements="1" conditionals="0" coveredconditionals="0" methods="0" coveredmethods="0"/>
      <file name="colors.ts" path="/home/dionequevedo/Projetos/rocketseat/newapp/links/src/styles/colors.ts">
        <metrics statements="1" coveredstatements="1" conditionals="0" coveredconditionals="0" methods="0" coveredmethods="0"/>
        <line num="1" count="1" type="stmt"/>
      </file>
    </package>
    <package name="utils">
      <metrics statements="1" coveredstatements="1" conditionals="0" coveredconditionals="0" methods="0" coveredmethods="0"/>
      <file name="categories.ts" path="/home/dionequevedo/Projetos/rocketseat/newapp/links/src/utils/categories.ts">
        <metrics statements="1" coveredstatements="1" conditionals="0" coveredconditionals="0" methods="0" coveredmethods="0"/>
        <line num="9" count="1" type="stmt"/>
      </file>
    </package>
  </project>
</coverage>
