{"/home/dionequevedo/Projetos/rocketseat/newapp/links/src/app/_layout.tsx": {"path":"/home/dionequevedo/Projetos/rocketseat/newapp/links/src/app/_layout.tsx","statementMap":{"0":{"start":{"line":6,"column":28},"end":{"line":6,"column":44}},"1":{"start":{"line":8,"column":4},"end":{"line":15,"column":1}}},"fnMap":{"0":{"name":"Layout","decl":{"start":{"line":5,"column":24},"end":{"line":5,"column":30}},"loc":{"start":{"line":5,"column":33},"end":{"line":16,"column":1}},"line":5}},"branchMap":{},"s":{"0":0,"1":0},"f":{"0":0},"b":{}}
,"/home/dionequevedo/Projetos/rocketseat/newapp/links/src/app/add/index.tsx": {"path":"/home/dionequevedo/Projetos/rocketseat/newapp/links/src/app/add/index.tsx","statementMap":{"0":{"start":{"line":15,"column":34},"end":{"line":15,"column":54}},"1":{"start":{"line":16,"column":26},"end":{"line":16,"column":46}},"2":{"start":{"line":17,"column":24},"end":{"line":17,"column":44}},"3":{"start":{"line":20,"column":4},"end":{"line":64,"column":5}},"4":{"start":{"line":22,"column":6},"end":{"line":36,"column":7}},"5":{"start":{"line":23,"column":8},"end":{"line":23,"column":108}},"6":{"start":{"line":24,"column":13},"end":{"line":36,"column":7}},"7":{"start":{"line":25,"column":8},"end":{"line":25,"column":80}},"8":{"start":{"line":26,"column":13},"end":{"line":36,"column":7}},"9":{"start":{"line":27,"column":8},"end":{"line":27,"column":69}},"10":{"start":{"line":28,"column":13},"end":{"line":36,"column":7}},"11":{"start":{"line":29,"column":8},"end":{"line":29,"column":67}},"12":{"start":{"line":32,"column":27},"end":{"line":32,"column":99}},"13":{"start":{"line":33,"column":8},"end":{"line":35,"column":9}},"14":{"start":{"line":34,"column":10},"end":{"line":34,"column":72}},"15":{"start":{"line":38,"column":6},"end":{"line":44,"column":9}},"16":{"start":{"line":46,"column":19},"end":{"line":46,"column":42}},"17":{"start":{"line":48,"column":6},"end":{"line":59,"column":7}},"18":{"start":{"line":49,"column":8},"end":{"line":55,"column":13}},"19":{"start":{"line":53,"column":29},"end":{"line":53,"column":42}},"20":{"start":{"line":56,"column":8},"end":{"line":56,"column":24}},"21":{"start":{"line":57,"column":8},"end":{"line":57,"column":20}},"22":{"start":{"line":58,"column":8},"end":{"line":58,"column":19}},"23":{"start":{"line":62,"column":6},"end":{"line":62,"column":66}},"24":{"start":{"line":63,"column":6},"end":{"line":63,"column":27}},"25":{"start":{"line":67,"column":4},"end":{"line":96,"column":4}},"26":{"start":{"line":70,"column":41},"end":{"line":70,"column":54}}},"fnMap":{"0":{"name":"Add","decl":{"start":{"line":14,"column":24},"end":{"line":14,"column":27}},"loc":{"start":{"line":14,"column":30},"end":{"line":97,"column":1}},"line":14},"1":{"name":"handleAdd","decl":{"start":{"line":19,"column":17},"end":{"line":19,"column":26}},"loc":{"start":{"line":19,"column":29},"end":{"line":65,"column":3}},"line":19},"2":{"name":"(anonymous_2)","decl":{"start":{"line":53,"column":23},"end":{"line":53,"column":24}},"loc":{"start":{"line":53,"column":29},"end":{"line":53,"column":42}},"line":53},"3":{"name":"(anonymous_3)","decl":{"start":{"line":70,"column":35},"end":{"line":70,"column":36}},"loc":{"start":{"line":70,"column":41},"end":{"line":70,"column":54}},"line":70}},"branchMap":{"0":{"loc":{"start":{"line":22,"column":6},"end":{"line":36,"column":7}},"type":"if","locations":[{"start":{"line":22,"column":6},"end":{"line":36,"column":7}},{"start":{"line":24,"column":13},"end":{"line":36,"column":7}}],"line":22},"1":{"loc":{"start":{"line":22,"column":10},"end":{"line":22,"column":50}},"type":"binary-expr","locations":[{"start":{"line":22,"column":10},"end":{"line":22,"column":19}},{"start":{"line":22,"column":23},"end":{"line":22,"column":35}},{"start":{"line":22,"column":39},"end":{"line":22,"column":50}}],"line":22},"2":{"loc":{"start":{"line":24,"column":13},"end":{"line":36,"column":7}},"type":"if","locations":[{"start":{"line":24,"column":13},"end":{"line":36,"column":7}},{"start":{"line":26,"column":13},"end":{"line":36,"column":7}}],"line":24},"3":{"loc":{"start":{"line":26,"column":13},"end":{"line":36,"column":7}},"type":"if","locations":[{"start":{"line":26,"column":13},"end":{"line":36,"column":7}},{"start":{"line":28,"column":13},"end":{"line":36,"column":7}}],"line":26},"4":{"loc":{"start":{"line":26,"column":17},"end":{"line":26,"column":48}},"type":"binary-expr","locations":[{"start":{"line":26,"column":17},"end":{"line":26,"column":29}},{"start":{"line":26,"column":33},"end":{"line":26,"column":48}}],"line":26},"5":{"loc":{"start":{"line":28,"column":13},"end":{"line":36,"column":7}},"type":"if","locations":[{"start":{"line":28,"column":13},"end":{"line":36,"column":7}},{"start":{"line":30,"column":13},"end":{"line":36,"column":7}}],"line":28},"6":{"loc":{"start":{"line":28,"column":17},"end":{"line":28,"column":46}},"type":"binary-expr","locations":[{"start":{"line":28,"column":17},"end":{"line":28,"column":28}},{"start":{"line":28,"column":32},"end":{"line":28,"column":46}}],"line":28},"7":{"loc":{"start":{"line":33,"column":8},"end":{"line":35,"column":9}},"type":"if","locations":[{"start":{"line":33,"column":8},"end":{"line":35,"column":9}},{"start":{},"end":{}}],"line":33},"8":{"loc":{"start":{"line":48,"column":6},"end":{"line":59,"column":7}},"type":"if","locations":[{"start":{"line":48,"column":6},"end":{"line":59,"column":7}},{"start":{},"end":{}}],"line":48}},"s":{"0":0,"1":0,"2":0,"3":0,"4":0,"5":0,"6":0,"7":0,"8":0,"9":0,"10":0,"11":0,"12":0,"13":0,"14":0,"15":0,"16":0,"17":0,"18":0,"19":0,"20":0,"21":0,"22":0,"23":0,"24":0,"25":0,"26":0},"f":{"0":0,"1":0,"2":0,"3":0},"b":{"0":[0,0],"1":[0,0,0],"2":[0,0],"3":[0,0],"4":[0,0],"5":[0,0],"6":[0,0],"7":[0,0],"8":[0,0]}}
,"/home/dionequevedo/Projetos/rocketseat/newapp/links/src/app/add/styles.ts": {"path":"/home/dionequevedo/Projetos/rocketseat/newapp/links/src/app/add/styles.ts","statementMap":{"0":{"start":{"line":5,"column":22},"end":{"line":32,"column":2}}},"fnMap":{},"branchMap":{},"s":{"0":0},"f":{},"b":{}}
,"/home/dionequevedo/Projetos/rocketseat/newapp/links/src/app/index/index.tsx": {"path":"/home/dionequevedo/Projetos/rocketseat/newapp/links/src/app/index/index.tsx","statementMap":{"0":{"start":{"line":40,"column":36},"end":{"line":40,"column":72}},"1":{"start":{"line":41,"column":30},"end":{"line":41,"column":55}},"2":{"start":{"line":42,"column":38},"end":{"line":42,"column":53}},"3":{"start":{"line":43,"column":28},"end":{"line":43,"column":68}},"4":{"start":{"line":46,"column":8},"end":{"line":57,"column":9}},"5":{"start":{"line":47,"column":29},"end":{"line":47,"column":52}},"6":{"start":{"line":48,"column":29},"end":{"line":48,"column":82}},"7":{"start":{"line":48,"column":55},"end":{"line":48,"column":81}},"8":{"start":{"line":49,"column":12},"end":{"line":54,"column":13}},"9":{"start":{"line":50,"column":16},"end":{"line":50,"column":94}},"10":{"start":{"line":51,"column":16},"end":{"line":51,"column":29}},"11":{"start":{"line":52,"column":18},"end":{"line":54,"column":13}},"12":{"start":{"line":53,"column":16},"end":{"line":53,"column":35}},"13":{"start":{"line":56,"column":12},"end":{"line":56,"column":68}},"14":{"start":{"line":61,"column":8},"end":{"line":61,"column":27}},"15":{"start":{"line":62,"column":8},"end":{"line":62,"column":26}},"16":{"start":{"line":66,"column":8},"end":{"line":72,"column":9}},"17":{"start":{"line":67,"column":12},"end":{"line":67,"column":46}},"18":{"start":{"line":68,"column":12},"end":{"line":68,"column":23}},"19":{"start":{"line":69,"column":12},"end":{"line":69,"column":32}},"20":{"start":{"line":71,"column":12},"end":{"line":71,"column":68}},"21":{"start":{"line":76,"column":8},"end":{"line":89,"column":10}},"22":{"start":{"line":93,"column":8},"end":{"line":104,"column":9}},"23":{"start":{"line":94,"column":12},"end":{"line":100,"column":13}},"24":{"start":{"line":95,"column":34},"end":{"line":95,"column":68}},"25":{"start":{"line":96,"column":16},"end":{"line":99,"column":17}},"26":{"start":{"line":97,"column":20},"end":{"line":97,"column":52}},"27":{"start":{"line":98,"column":20},"end":{"line":98,"column":40}},"28":{"start":{"line":102,"column":16},"end":{"line":102,"column":70}},"29":{"start":{"line":103,"column":16},"end":{"line":103,"column":58}},"30":{"start":{"line":108,"column":4},"end":{"line":112,"column":6}},"31":{"start":{"line":110,"column":8},"end":{"line":110,"column":19}},"32":{"start":{"line":114,"column":4},"end":{"line":172,"column":5}},"33":{"start":{"line":119,"column":69},"end":{"line":119,"column":92}},"34":{"start":{"line":128,"column":44},"end":{"line":128,"column":51}},"35":{"start":{"line":130,"column":24},"end":{"line":134,"column":26}},"36":{"start":{"line":133,"column":45},"end":{"line":133,"column":63}},"37":{"start":{"line":149,"column":61},"end":{"line":149,"column":80}}},"fnMap":{"0":{"name":"Index","decl":{"start":{"line":38,"column":24},"end":{"line":38,"column":29}},"loc":{"start":{"line":38,"column":31},"end":{"line":173,"column":1}},"line":38},"1":{"name":"getLinks","decl":{"start":{"line":45,"column":19},"end":{"line":45,"column":27}},"loc":{"start":{"line":45,"column":30},"end":{"line":58,"column":5}},"line":45},"2":{"name":"(anonymous_2)","decl":{"start":{"line":48,"column":45},"end":{"line":48,"column":46}},"loc":{"start":{"line":48,"column":55},"end":{"line":48,"column":81}},"line":48},"3":{"name":"hanleDetails","decl":{"start":{"line":60,"column":13},"end":{"line":60,"column":25}},"loc":{"start":{"line":60,"column":49},"end":{"line":63,"column":5}},"line":60},"4":{"name":"linkRemove","decl":{"start":{"line":65,"column":19},"end":{"line":65,"column":29}},"loc":{"start":{"line":65,"column":32},"end":{"line":73,"column":5}},"line":65},"5":{"name":"handleRemove","decl":{"start":{"line":75,"column":13},"end":{"line":75,"column":25}},"loc":{"start":{"line":75,"column":28},"end":{"line":90,"column":5}},"line":75},"6":{"name":"handleOpenLink","decl":{"start":{"line":92,"column":19},"end":{"line":92,"column":33}},"loc":{"start":{"line":92,"column":36},"end":{"line":105,"column":5}},"line":92},"7":{"name":"(anonymous_7)","decl":{"start":{"line":109,"column":20},"end":{"line":109,"column":21}},"loc":{"start":{"line":109,"column":26},"end":{"line":111,"column":9}},"line":109},"8":{"name":"(anonymous_8)","decl":{"start":{"line":119,"column":63},"end":{"line":119,"column":64}},"loc":{"start":{"line":119,"column":69},"end":{"line":119,"column":92}},"line":119},"9":{"name":"(anonymous_9)","decl":{"start":{"line":128,"column":34},"end":{"line":128,"column":35}},"loc":{"start":{"line":128,"column":44},"end":{"line":128,"column":51}},"line":128},"10":{"name":"(anonymous_10)","decl":{"start":{"line":129,"column":32},"end":{"line":129,"column":33}},"loc":{"start":{"line":130,"column":24},"end":{"line":134,"column":26}},"line":130},"11":{"name":"(anonymous_11)","decl":{"start":{"line":133,"column":39},"end":{"line":133,"column":40}},"loc":{"start":{"line":133,"column":45},"end":{"line":133,"column":63}},"line":133},"12":{"name":"(anonymous_12)","decl":{"start":{"line":149,"column":55},"end":{"line":149,"column":56}},"loc":{"start":{"line":149,"column":61},"end":{"line":149,"column":80}},"line":149}},"branchMap":{"0":{"loc":{"start":{"line":49,"column":12},"end":{"line":54,"column":13}},"type":"if","locations":[{"start":{"line":49,"column":12},"end":{"line":54,"column":13}},{"start":{"line":52,"column":18},"end":{"line":54,"column":13}}],"line":49},"1":{"loc":{"start":{"line":52,"column":18},"end":{"line":54,"column":13}},"type":"if","locations":[{"start":{"line":52,"column":18},"end":{"line":54,"column":13}},{"start":{},"end":{}}],"line":52},"2":{"loc":{"start":{"line":94,"column":12},"end":{"line":100,"column":13}},"type":"if","locations":[{"start":{"line":94,"column":12},"end":{"line":100,"column":13}},{"start":{},"end":{}}],"line":94},"3":{"loc":{"start":{"line":96,"column":16},"end":{"line":99,"column":17}},"type":"if","locations":[{"start":{"line":96,"column":16},"end":{"line":99,"column":17}},{"start":{},"end":{}}],"line":96},"4":{"loc":{"start":{"line":146,"column":33},"end":{"line":146,"column":58}},"type":"cond-expr","locations":[{"start":{"line":146,"column":40},"end":{"line":146,"column":53}},{"start":{"line":146,"column":56},"end":{"line":146,"column":58}}],"line":146},"5":{"loc":{"start":{"line":159,"column":29},"end":{"line":159,"column":50}},"type":"cond-expr","locations":[{"start":{"line":159,"column":36},"end":{"line":159,"column":45}},{"start":{"line":159,"column":48},"end":{"line":159,"column":50}}],"line":159},"6":{"loc":{"start":{"line":162,"column":29},"end":{"line":162,"column":49}},"type":"cond-expr","locations":[{"start":{"line":162,"column":36},"end":{"line":162,"column":44}},{"start":{"line":162,"column":47},"end":{"line":162,"column":49}}],"line":162}},"s":{"0":0,"1":0,"2":0,"3":0,"4":0,"5":0,"6":0,"7":0,"8":0,"9":0,"10":0,"11":0,"12":0,"13":0,"14":0,"15":0,"16":0,"17":0,"18":0,"19":0,"20":0,"21":0,"22":0,"23":0,"24":0,"25":0,"26":0,"27":0,"28":0,"29":0,"30":0,"31":0,"32":0,"33":0,"34":0,"35":0,"36":0,"37":0},"f":{"0":0,"1":0,"2":0,"3":0,"4":0,"5":0,"6":0,"7":0,"8":0,"9":0,"10":0,"11":0,"12":0},"b":{"0":[0,0],"1":[0,0],"2":[0,0],"3":[0,0],"4":[0,0],"5":[0,0],"6":[0,0]}}
,"/home/dionequevedo/Projetos/rocketseat/newapp/links/src/app/index/styles.ts": {"path":"/home/dionequevedo/Projetos/rocketseat/newapp/links/src/app/index/styles.ts","statementMap":{"0":{"start":{"line":5,"column":22},"end":{"line":78,"column":2}}},"fnMap":{},"branchMap":{},"s":{"0":0},"f":{},"b":{}}
,"/home/dionequevedo/Projetos/rocketseat/newapp/links/src/components/Link/index.tsx": {"path":"/home/dionequevedo/Projetos/rocketseat/newapp/links/src/components/Link/index.tsx","statementMap":{"0":{"start":{"line":13,"column":4},"end":{"line":31,"column":6}}},"fnMap":{"0":{"name":"Link","decl":{"start":{"line":12,"column":16},"end":{"line":12,"column":20}},"loc":{"start":{"line":12,"column":55},"end":{"line":32,"column":1}},"line":12}},"branchMap":{},"s":{"0":0},"f":{"0":0},"b":{}}
,"/home/dionequevedo/Projetos/rocketseat/newapp/links/src/components/Link/styles.ts": {"path":"/home/dionequevedo/Projetos/rocketseat/newapp/links/src/components/Link/styles.ts","statementMap":{"0":{"start":{"line":4,"column":22},"end":{"line":27,"column":2}}},"fnMap":{},"branchMap":{},"s":{"0":0},"f":{},"b":{}}
,"/home/dionequevedo/Projetos/rocketseat/newapp/links/src/components/button/index.tsx": {"path":"/home/dionequevedo/Projetos/rocketseat/newapp/links/src/components/button/index.tsx","statementMap":{"0":{"start":{"line":11,"column":4},"end":{"line":15,"column":5}}},"fnMap":{"0":{"name":"Button","decl":{"start":{"line":10,"column":16},"end":{"line":10,"column":22}},"loc":{"start":{"line":10,"column":47},"end":{"line":16,"column":1}},"line":10}},"branchMap":{},"s":{"0":0},"f":{"0":0},"b":{}}
,"/home/dionequevedo/Projetos/rocketseat/newapp/links/src/components/button/styles.ts": {"path":"/home/dionequevedo/Projetos/rocketseat/newapp/links/src/components/button/styles.ts","statementMap":{"0":{"start":{"line":5,"column":20},"end":{"line":19,"column":2}}},"fnMap":{},"branchMap":{},"s":{"0":0},"f":{},"b":{}}
,"/home/dionequevedo/Projetos/rocketseat/newapp/links/src/components/categories/index.tsx": {"path":"/home/dionequevedo/Projetos/rocketseat/newapp/links/src/components/categories/index.tsx","statementMap":{"0":{"start":{"line":11,"column":4},"end":{"line":25,"column":7}},"1":{"start":{"line":14,"column":36},"end":{"line":14,"column":43}},"2":{"start":{"line":15,"column":36},"end":{"line":20,"column":14}},"3":{"start":{"line":19,"column":27},"end":{"line":19,"column":46}}},"fnMap":{"0":{"name":"Categories","decl":{"start":{"line":10,"column":16},"end":{"line":10,"column":26}},"loc":{"start":{"line":10,"column":54},"end":{"line":26,"column":1}},"line":10},"1":{"name":"(anonymous_1)","decl":{"start":{"line":14,"column":26},"end":{"line":14,"column":27}},"loc":{"start":{"line":14,"column":36},"end":{"line":14,"column":43}},"line":14},"2":{"name":"(anonymous_2)","decl":{"start":{"line":15,"column":24},"end":{"line":15,"column":25}},"loc":{"start":{"line":15,"column":36},"end":{"line":20,"column":14}},"line":15},"3":{"name":"(anonymous_3)","decl":{"start":{"line":19,"column":21},"end":{"line":19,"column":22}},"loc":{"start":{"line":19,"column":27},"end":{"line":19,"column":46}},"line":19}},"branchMap":{},"s":{"0":0,"1":0,"2":0,"3":0},"f":{"0":0,"1":0,"2":0,"3":0},"b":{}}
,"/home/dionequevedo/Projetos/rocketseat/newapp/links/src/components/categories/styles.ts": {"path":"/home/dionequevedo/Projetos/rocketseat/newapp/links/src/components/categories/styles.ts","statementMap":{"0":{"start":{"line":3,"column":22},"end":{"line":14,"column":1}}},"fnMap":{},"branchMap":{},"s":{"0":0},"f":{},"b":{}}
,"/home/dionequevedo/Projetos/rocketseat/newapp/links/src/components/category/index.tsx": {"path":"/home/dionequevedo/Projetos/rocketseat/newapp/links/src/components/category/index.tsx","statementMap":{"0":{"start":{"line":14,"column":18},"end":{"line":14,"column":67}},"1":{"start":{"line":15,"column":4},"end":{"line":22,"column":5}}},"fnMap":{"0":{"name":"Category","decl":{"start":{"line":13,"column":16},"end":{"line":13,"column":24}},"loc":{"start":{"line":13,"column":67},"end":{"line":23,"column":1}},"line":13}},"branchMap":{"0":{"loc":{"start":{"line":14,"column":18},"end":{"line":14,"column":67}},"type":"cond-expr","locations":[{"start":{"line":14,"column":31},"end":{"line":14,"column":48}},{"start":{"line":14,"column":51},"end":{"line":14,"column":67}}],"line":14}},"s":{"0":0,"1":0},"f":{"0":0},"b":{"0":[0,0]}}
,"/home/dionequevedo/Projetos/rocketseat/newapp/links/src/components/category/styles.ts": {"path":"/home/dionequevedo/Projetos/rocketseat/newapp/links/src/components/category/styles.ts","statementMap":{"0":{"start":{"line":4,"column":22},"end":{"line":14,"column":2}}},"fnMap":{},"branchMap":{},"s":{"0":0},"f":{},"b":{}}
,"/home/dionequevedo/Projetos/rocketseat/newapp/links/src/components/input/index.tsx": {"path":"/home/dionequevedo/Projetos/rocketseat/newapp/links/src/components/input/index.tsx","statementMap":{"0":{"start":{"line":7,"column":4},"end":{"line":12,"column":7}}},"fnMap":{"0":{"name":"Input","decl":{"start":{"line":6,"column":16},"end":{"line":6,"column":21}},"loc":{"start":{"line":6,"column":34},"end":{"line":13,"column":1}},"line":6}},"branchMap":{},"s":{"0":0},"f":{"0":0},"b":{}}
,"/home/dionequevedo/Projetos/rocketseat/newapp/links/src/components/input/styles.ts": {"path":"/home/dionequevedo/Projetos/rocketseat/newapp/links/src/components/input/styles.ts","statementMap":{"0":{"start":{"line":5,"column":22},"end":{"line":17,"column":2}}},"fnMap":{},"branchMap":{},"s":{"0":0},"f":{},"b":{}}
,"/home/dionequevedo/Projetos/rocketseat/newapp/links/src/components/options/index.tsx": {"path":"/home/dionequevedo/Projetos/rocketseat/newapp/links/src/components/options/index.tsx","statementMap":{"0":{"start":{"line":15,"column":4},"end":{"line":25,"column":5}}},"fnMap":{"0":{"name":"Option","decl":{"start":{"line":14,"column":16},"end":{"line":14,"column":22}},"loc":{"start":{"line":14,"column":71},"end":{"line":26,"column":1}},"line":14}},"branchMap":{"0":{"loc":{"start":{"line":14,"column":36},"end":{"line":14,"column":53}},"type":"default-arg","locations":[{"start":{"line":14,"column":44},"end":{"line":14,"column":53}}],"line":14},"1":{"loc":{"start":{"line":20,"column":19},"end":{"line":20,"column":79}},"type":"cond-expr","locations":[{"start":{"line":20,"column":43},"end":{"line":20,"column":60}},{"start":{"line":20,"column":63},"end":{"line":20,"column":79}}],"line":20},"2":{"loc":{"start":{"line":21,"column":25},"end":{"line":21,"column":92}},"type":"cond-expr","locations":[{"start":{"line":21,"column":49},"end":{"line":21,"column":68}},{"start":{"line":21,"column":71},"end":{"line":21,"column":92}}],"line":21}},"s":{"0":0},"f":{"0":0},"b":{"0":[0],"1":[0,0],"2":[0,0]}}
,"/home/dionequevedo/Projetos/rocketseat/newapp/links/src/components/options/styles.ts": {"path":"/home/dionequevedo/Projetos/rocketseat/newapp/links/src/components/options/styles.ts","statementMap":{"0":{"start":{"line":4,"column":22},"end":{"line":20,"column":2}}},"fnMap":{},"branchMap":{},"s":{"0":0},"f":{},"b":{}}
,"/home/dionequevedo/Projetos/rocketseat/newapp/links/src/storage/link-storage.ts": {"path":"/home/dionequevedo/Projetos/rocketseat/newapp/links/src/storage/link-storage.ts","statementMap":{"0":{"start":{"line":3,"column":25},"end":{"line":3,"column":40}},"1":{"start":{"line":13,"column":4},"end":{"line":20,"column":5}},"2":{"start":{"line":14,"column":24},"end":{"line":14,"column":68}},"3":{"start":{"line":15,"column":25},"end":{"line":15,"column":59}},"4":{"start":{"line":16,"column":8},"end":{"line":16,"column":40}},"5":{"start":{"line":18,"column":8},"end":{"line":18,"column":54}},"6":{"start":{"line":19,"column":8},"end":{"line":19,"column":18}},"7":{"start":{"line":24,"column":4},"end":{"line":34,"column":5}},"8":{"start":{"line":28,"column":24},"end":{"line":28,"column":35}},"9":{"start":{"line":29,"column":23},"end":{"line":29,"column":60}},"10":{"start":{"line":31,"column":8},"end":{"line":31,"column":61}},"11":{"start":{"line":33,"column":8},"end":{"line":33,"column":22}},"12":{"start":{"line":38,"column":4},"end":{"line":50,"column":5}},"13":{"start":{"line":39,"column":24},"end":{"line":39,"column":35}},"14":{"start":{"line":40,"column":24},"end":{"line":40,"column":62}},"15":{"start":{"line":40,"column":47},"end":{"line":40,"column":61}},"16":{"start":{"line":42,"column":8},"end":{"line":46,"column":9}},"17":{"start":{"line":43,"column":12},"end":{"line":43,"column":60}},"18":{"start":{"line":45,"column":12},"end":{"line":45,"column":82}},"19":{"start":{"line":48,"column":8},"end":{"line":48,"column":53}},"20":{"start":{"line":49,"column":8},"end":{"line":49,"column":20}},"21":{"start":{"line":53,"column":27},"end":{"line":53,"column":46}}},"fnMap":{"0":{"name":"get","decl":{"start":{"line":12,"column":15},"end":{"line":12,"column":18}},"loc":{"start":{"line":12,"column":45},"end":{"line":21,"column":1}},"line":12},"1":{"name":"save","decl":{"start":{"line":23,"column":15},"end":{"line":23,"column":19}},"loc":{"start":{"line":23,"column":57},"end":{"line":35,"column":1}},"line":23},"2":{"name":"remove","decl":{"start":{"line":37,"column":15},"end":{"line":37,"column":21}},"loc":{"start":{"line":37,"column":49},"end":{"line":51,"column":1}},"line":37},"3":{"name":"(anonymous_3)","decl":{"start":{"line":40,"column":39},"end":{"line":40,"column":40}},"loc":{"start":{"line":40,"column":47},"end":{"line":40,"column":61}},"line":40}},"branchMap":{"0":{"loc":{"start":{"line":15,"column":25},"end":{"line":15,"column":59}},"type":"cond-expr","locations":[{"start":{"line":15,"column":35},"end":{"line":15,"column":54}},{"start":{"line":15,"column":57},"end":{"line":15,"column":59}}],"line":15},"1":{"loc":{"start":{"line":16,"column":15},"end":{"line":16,"column":39}},"type":"cond-expr","locations":[{"start":{"line":16,"column":26},"end":{"line":16,"column":34}},{"start":{"line":16,"column":37},"end":{"line":16,"column":39}}],"line":16},"2":{"loc":{"start":{"line":42,"column":8},"end":{"line":46,"column":9}},"type":"if","locations":[{"start":{"line":42,"column":8},"end":{"line":46,"column":9}},{"start":{"line":44,"column":15},"end":{"line":46,"column":9}}],"line":42}},"s":{"0":1,"1":21,"2":21,"3":20,"4":20,"5":1,"6":1,"7":5,"8":5,"9":5,"10":5,"11":1,"12":7,"13":7,"14":7,"15":11,"16":7,"17":3,"18":4,"19":0,"20":0,"21":1},"f":{"0":21,"1":5,"2":7,"3":11},"b":{"0":[13,7],"1":[20,0],"2":[3,4]},"_coverageSchema":"1a1c01bbd47fc00a2c39e90264f33305004495a9","hash":"bcb7f68ff8aedfecff77d4e4cae2f00ea6aecfde"}
,"/home/dionequevedo/Projetos/rocketseat/newapp/links/src/styles/colors.ts": {"path":"/home/dionequevedo/Projetos/rocketseat/newapp/links/src/styles/colors.ts","statementMap":{"0":{"start":{"line":1,"column":22},"end":{"line":17,"column":1}}},"fnMap":{},"branchMap":{},"s":{"0":0},"f":{},"b":{}}
,"/home/dionequevedo/Projetos/rocketseat/newapp/links/src/utils/categories.ts": {"path":"/home/dionequevedo/Projetos/rocketseat/newapp/links/src/utils/categories.ts","statementMap":{"0":{"start":{"line":9,"column":37},"end":{"line":16,"column":1}}},"fnMap":{},"branchMap":{},"s":{"0":0},"f":{},"b":{}}
}
