TN:
SF:src/app/_layout.tsx
FN:5,Layout
FNF:1
FNH:1
FNDA:1,Layout
DA:6,1
DA:8,1
LF:2
LH:2
BRF:0
BRH:0
end_of_record
TN:
SF:src/app/add/index.tsx
FN:14,Add
FN:19,handleAdd
FN:53,(anonymous_2)
FN:70,(anonymous_3)
FNF:4
FNH:3
FNDA:208,Add
FNDA:51,handleAdd
FNDA:0,(anonymous_2)
FNDA:2,(anonymous_3)
DA:15,208
DA:16,208
DA:17,208
DA:20,51
DA:22,51
DA:23,2
DA:24,49
DA:25,14
DA:26,35
DA:27,2
DA:28,33
DA:29,4
DA:32,29
DA:33,29
DA:34,6
DA:38,23
DA:46,11
DA:48,11
DA:49,11
DA:53,0
DA:56,11
DA:57,11
DA:58,11
DA:62,12
DA:63,12
DA:67,208
DA:70,2
LF:27
LH:26
BRDA:22,0,0,2
BRDA:22,0,1,49
BRDA:22,1,0,51
BRDA:22,1,1,16
BRDA:22,1,2,3
BRDA:24,2,0,14
BRDA:24,2,1,35
BRDA:26,3,0,2
BRDA:26,3,1,33
BRDA:26,4,0,35
BRDA:26,4,1,34
BRDA:28,5,0,4
BRDA:28,5,1,29
BRDA:28,6,0,33
BRDA:28,6,1,32
BRDA:33,7,0,6
BRDA:33,7,1,23
BRDA:48,8,0,11
BRDA:48,8,1,0
BRF:19
BRH:18
end_of_record
TN:
SF:src/app/add/styles.ts
FNF:0
FNH:0
DA:5,0
LF:1
LH:0
BRF:0
BRH:0
end_of_record
TN:
SF:src/app/index/index.tsx
FN:38,Index
FN:45,getLinks
FN:48,(anonymous_2)
FN:62,hanleDetails
FN:67,linkRemove
FN:77,handleRemove
FN:94,handleOpenLink
FN:111,(anonymous_7)
FN:121,(anonymous_8)
FN:130,(anonymous_9)
FN:131,(anonymous_10)
FN:135,(anonymous_11)
FN:151,(anonymous_12)
FNF:13
FNH:4
FNDA:40,Index
FNDA:20,getLinks
FNDA:44,(anonymous_2)
FNDA:0,hanleDetails
FNDA:0,linkRemove
FNDA:0,handleRemove
FNDA:0,handleOpenLink
FNDA:20,(anonymous_7)
FNDA:0,(anonymous_8)
FNDA:0,(anonymous_9)
FNDA:0,(anonymous_10)
FNDA:0,(anonymous_11)
FNDA:0,(anonymous_12)
DA:40,40
DA:41,40
DA:42,40
DA:43,40
DA:46,20
DA:47,20
DA:48,44
DA:49,18
DA:50,3
DA:51,3
DA:52,15
DA:53,15
DA:56,2
DA:57,2
DA:58,2
DA:63,0
DA:64,0
DA:68,0
DA:69,0
DA:70,0
DA:71,0
DA:73,0
DA:78,0
DA:95,0
DA:96,0
DA:97,0
DA:98,0
DA:99,0
DA:100,0
DA:104,0
DA:105,0
DA:110,40
DA:112,20
DA:116,40
DA:121,0
DA:130,0
DA:132,0
DA:135,0
DA:151,0
LF:39
LH:18
BRDA:49,0,0,3
BRDA:49,0,1,15
BRDA:52,1,0,15
BRDA:52,1,1,0
BRDA:96,2,0,0
BRDA:96,2,1,0
BRDA:98,3,0,0
BRDA:98,3,1,0
BRDA:148,4,0,40
BRDA:148,4,1,0
BRDA:161,5,0,40
BRDA:161,5,1,0
BRDA:164,6,0,40
BRDA:164,6,1,0
BRF:14
BRH:6
end_of_record
TN:
SF:src/app/index/styles.ts
FNF:0
FNH:0
DA:5,0
LF:1
LH:0
BRF:0
BRH:0
end_of_record
TN:
SF:src/components/Link/index.tsx
FN:12,Link
FNF:1
FNH:0
FNDA:0,Link
DA:13,0
LF:1
LH:0
BRF:0
BRH:0
end_of_record
TN:
SF:src/components/Link/styles.ts
FNF:0
FNH:0
DA:4,0
LF:1
LH:0
BRF:0
BRH:0
end_of_record
TN:
SF:src/components/button/index.tsx
FN:10,Button
FNF:1
FNH:0
FNDA:0,Button
DA:11,0
LF:1
LH:0
BRF:0
BRH:0
end_of_record
TN:
SF:src/components/button/styles.ts
FNF:0
FNH:0
DA:5,0
LF:1
LH:0
BRF:0
BRH:0
end_of_record
TN:
SF:src/components/categories/index.tsx
FN:10,Categories
FN:14,(anonymous_1)
FN:15,(anonymous_2)
FN:19,(anonymous_3)
FNF:4
FNH:0
FNDA:0,Categories
FNDA:0,(anonymous_1)
FNDA:0,(anonymous_2)
FNDA:0,(anonymous_3)
DA:11,0
DA:14,0
DA:15,0
DA:19,0
LF:4
LH:0
BRF:0
BRH:0
end_of_record
TN:
SF:src/components/categories/styles.ts
FNF:0
FNH:0
DA:3,0
LF:1
LH:0
BRF:0
BRH:0
end_of_record
TN:
SF:src/components/category/index.tsx
FN:13,Category
FNF:1
FNH:0
FNDA:0,Category
DA:14,0
DA:15,0
LF:2
LH:0
BRDA:14,0,0,0
BRDA:14,0,1,0
BRF:2
BRH:0
end_of_record
TN:
SF:src/components/category/styles.ts
FNF:0
FNH:0
DA:4,0
LF:1
LH:0
BRF:0
BRH:0
end_of_record
TN:
SF:src/components/input/index.tsx
FN:6,Input
FNF:1
FNH:0
FNDA:0,Input
DA:7,0
LF:1
LH:0
BRF:0
BRH:0
end_of_record
TN:
SF:src/components/input/styles.ts
FNF:0
FNH:0
DA:5,0
LF:1
LH:0
BRF:0
BRH:0
end_of_record
TN:
SF:src/components/options/index.tsx
FN:14,Option
FNF:1
FNH:0
FNDA:0,Option
DA:15,0
LF:1
LH:0
BRDA:14,0,0,0
BRDA:20,1,0,0
BRDA:20,1,1,0
BRDA:21,2,0,0
BRDA:21,2,1,0
BRF:5
BRH:0
end_of_record
TN:
SF:src/components/options/styles.ts
FNF:0
FNH:0
DA:4,0
LF:1
LH:0
BRF:0
BRH:0
end_of_record
TN:
SF:src/storage/link-storage.ts
FN:12,get
FN:23,save
FN:37,remove
FN:40,(anonymous_3)
FNF:4
FNH:4
FNDA:21,get
FNDA:5,save
FNDA:7,remove
FNDA:11,(anonymous_3)
DA:3,4
DA:13,21
DA:14,21
DA:15,20
DA:16,20
DA:18,1
DA:19,1
DA:24,5
DA:28,5
DA:29,5
DA:31,5
DA:33,1
DA:38,7
DA:39,7
DA:40,11
DA:42,7
DA:43,3
DA:45,4
DA:48,0
DA:49,0
DA:53,4
LF:21
LH:19
BRDA:15,0,0,13
BRDA:15,0,1,7
BRDA:16,1,0,20
BRDA:16,1,1,0
BRDA:42,2,0,3
BRDA:42,2,1,4
BRF:6
BRH:5
end_of_record
TN:
SF:src/styles/colors.ts
FNF:0
FNH:0
DA:1,1
LF:1
LH:1
BRF:0
BRH:0
end_of_record
TN:
SF:src/utils/categories.ts
FNF:0
FNH:0
DA:9,1
LF:1
LH:1
BRF:0
BRH:0
end_of_record
